<?xml version="1.0" encoding="UTF-8"?>
<coverage generated="1709682424044" clover="3.2.0">
  <project timestamp="1709682424044" name="All files">
    <metrics statements="23" coveredstatements="7" conditionals="2" coveredconditionals="0" methods="11" coveredmethods="1" elements="36" coveredelements="8" complexity="0" loc="23" ncloc="23" packages="2" files="3" classes="3"/>
    <package name="assets">
      <metrics statements="1" coveredstatements="1" conditionals="0" coveredconditionals="0" methods="0" coveredmethods="0"/>
      <file name="icon.png" path="/Users/ekaterina/projects/courses/ToDoSpinner/assets/icon.png">
        <metrics statements="1" coveredstatements="1" conditionals="0" coveredconditionals="0" methods="0" coveredmethods="0"/>
        <line num="1" count="1" type="stmt"/>
      </file>
    </package>
    <package name="src.screens.LoginScreen">
      <metrics statements="22" coveredstatements="6" conditionals="2" coveredconditionals="0" methods="11" coveredmethods="1"/>
      <file name="LoginScreen.js" path="/Users/ekaterina/projects/courses/ToDoSpinner/src/screens/LoginScreen/LoginScreen.js">
        <metrics statements="22" coveredstatements="6" conditionals="2" coveredconditionals="0" methods="11" coveredmethods="1"/>
        <line num="7" count="1" type="stmt"/>
        <line num="8" count="1" type="stmt"/>
        <line num="10" count="1" type="stmt"/>
        <line num="11" count="0" type="stmt"/>
        <line num="14" count="1" type="stmt"/>
        <line num="15" count="0" type="stmt"/>
        <line num="16" count="0" type="stmt"/>
        <line num="18" count="0" type="stmt"/>
        <line num="19" count="0" type="stmt"/>
        <line num="22" count="0" type="stmt"/>
        <line num="26" count="1" type="stmt"/>
        <line num="27" count="0" type="cond" truecount="0" falsecount="2"/>
        <line num="28" count="0" type="stmt"/>
        <line num="29" count="0" type="stmt"/>
        <line num="32" count="0" type="stmt"/>
        <line num="33" count="0" type="stmt"/>
        <line num="35" count="0" type="stmt"/>
        <line num="38" count="0" type="stmt"/>
        <line num="42" count="1" type="stmt"/>
        <line num="56" count="0" type="stmt"/>
        <line num="68" count="0" type="stmt"/>
        <line num="76" count="0" type="stmt"/>
      </file>
      <file name="styles.js" path="/Users/ekaterina/projects/courses/ToDoSpinner/src/screens/LoginScreen/styles.js">
        <metrics statements="0" coveredstatements="0" conditionals="0" coveredconditionals="0" methods="0" coveredmethods="0"/>
      </file>
    </package>
  </project>
</coverage>
