<?xml version="1.0" encoding="UTF-8"?>
<coverage generated="1709942946543" clover="3.2.0">
  <project timestamp="1709942946543" name="All files">
    <metrics statements="23" coveredstatements="22" conditionals="2" coveredconditionals="2" methods="11" coveredmethods="10" elements="36" coveredelements="34" complexity="0" loc="23" ncloc="23" packages="2" files="3" classes="3"/>
    <package name="assets">
      <metrics statements="1" coveredstatements="1" conditionals="0" coveredconditionals="0" methods="0" coveredmethods="0"/>
      <file name="icon.png" path="/Users/ekaterina/projects/courses/ToDoSpinner/assets/icon.png">
        <metrics statements="1" coveredstatements="1" conditionals="0" coveredconditionals="0" methods="0" coveredmethods="0"/>
        <line num="1" count="1" type="stmt"/>
      </file>
    </package>
    <package name="src.screens.LoginScreen">
      <metrics statements="22" coveredstatements="21" conditionals="2" coveredconditionals="2" methods="11" coveredmethods="10"/>
      <file name="LoginScreen.js" path="/Users/ekaterina/projects/courses/ToDoSpinner/src/screens/LoginScreen/LoginScreen.js">
        <metrics statements="22" coveredstatements="21" conditionals="2" coveredconditionals="2" methods="11" coveredmethods="10"/>
        <line num="7" count="11" type="stmt"/>
        <line num="8" count="11" type="stmt"/>
        <line num="10" count="11" type="stmt"/>
        <line num="11" count="1" type="stmt"/>
        <line num="14" count="11" type="stmt"/>
        <line num="15" count="1" type="stmt"/>
        <line num="16" count="1" type="stmt"/>
        <line num="18" count="1" type="stmt"/>
        <line num="19" count="1" type="stmt"/>
        <line num="22" count="1" type="stmt"/>
        <line num="26" count="11" type="stmt"/>
        <line num="27" count="2" type="cond" truecount="2" falsecount="0"/>
        <line num="28" count="1" type="stmt"/>
        <line num="29" count="1" type="stmt"/>
        <line num="32" count="1" type="stmt"/>
        <line num="33" count="1" type="stmt"/>
        <line num="35" count="1" type="stmt"/>
        <line num="38" count="0" type="stmt"/>
        <line num="42" count="11" type="stmt"/>
        <line num="56" count="3" type="stmt"/>
        <line num="68" count="2" type="stmt"/>
        <line num="76" count="1" type="stmt"/>
      </file>
      <file name="styles.js" path="/Users/ekaterina/projects/courses/ToDoSpinner/src/screens/LoginScreen/styles.js">
        <metrics statements="0" coveredstatements="0" conditionals="0" coveredconditionals="0" methods="0" coveredmethods="0"/>
      </file>
    </package>
  </project>
</coverage>
