TN:
SF:assets/icon.png
FNF:0
FNH:0
DA:1,1
LF:1
LH:1
BRF:0
BRH:0
end_of_record
TN:
SF:src/screens/LoginScreen/LoginScreen.js
FN:6,LoginScreen
FN:10,(anonymous_1)
FN:14,(anonymous_2)
FN:17,(anonymous_3)
FN:21,(anonymous_4)
FN:26,(anonymous_5)
FN:34,(anonymous_6)
FN:37,(anonymous_7)
FN:56,(anonymous_8)
FN:68,(anonymous_9)
FN:76,(anonymous_10)
FNF:11
FNH:10
FNDA:11,LoginScreen
FNDA:1,(anonymous_1)
FNDA:1,(anonymous_2)
FNDA:1,(anonymous_3)
FNDA:1,(anonymous_4)
FNDA:2,(anonymous_5)
FNDA:1,(anonymous_6)
FNDA:0,(anonymous_7)
FNDA:3,(anonymous_8)
FNDA:2,(anonymous_9)
FNDA:1,(anonymous_10)
DA:7,11
DA:8,11
DA:10,11
DA:11,1
DA:14,11
DA:15,1
DA:16,1
DA:18,1
DA:19,1
DA:22,1
DA:26,11
DA:27,2
DA:28,1
DA:29,1
DA:32,1
DA:33,1
DA:35,1
DA:38,0
DA:42,11
DA:56,3
DA:68,2
DA:76,1
LF:22
LH:21
BRDA:27,0,0,1
BRDA:27,0,1,1
BRF:2
BRH:2
end_of_record
TN:
SF:src/screens/LoginScreen/styles.js
FNF:0
FNH:0
LF:0
LH:0
BRF:0
BRH:0
end_of_record
