TN:
SF:assets/calendar1.png
FNF:0
FNH:0
DA:1,1
LF:1
LH:1
BRF:0
BRH:0
end_of_record
TN:
SF:assets/done.png
FNF:0
FNH:0
DA:1,1
LF:1
LH:1
BRF:0
BRH:0
end_of_record
TN:
SF:assets/goal.png
FNF:0
FNH:0
DA:1,1
LF:1
LH:1
BRF:0
BRH:0
end_of_record
TN:
SF:assets/icon.png
FNF:0
FNH:0
DA:1,2
LF:1
LH:1
BRF:0
BRH:0
end_of_record
TN:
SF:assets/mail.png
FNF:0
FNH:0
DA:1,1
LF:1
LH:1
BRF:0
BRH:0
end_of_record
TN:
SF:assets/no.png
FNF:0
FNH:0
DA:1,1
LF:1
LH:1
BRF:0
BRH:0
end_of_record
TN:
SF:assets/pencil.png
FNF:0
FNH:0
DA:1,1
LF:1
LH:1
BRF:0
BRH:0
end_of_record
TN:
SF:assets/pers.png
FNF:0
FNH:0
DA:1,1
LF:1
LH:1
BRF:0
BRH:0
end_of_record
TN:
SF:assets/relax.png
FNF:0
FNH:0
DA:1,1
LF:1
LH:1
BRF:0
BRH:0
end_of_record
TN:
SF:assets/settings.png
FNF:0
FNH:0
DA:1,1
LF:1
LH:1
BRF:0
BRH:0
end_of_record
TN:
SF:assets/trash1.png
FNF:0
FNH:0
DA:1,1
LF:1
LH:1
BRF:0
BRH:0
end_of_record
TN:
SF:assets/username.png
FNF:0
FNH:0
DA:1,1
LF:1
LH:1
BRF:0
BRH:0
end_of_record
TN:
SF:assets/wheel-of-fortune.png
FNF:0
FNH:0
DA:1,1
LF:1
LH:1
BRF:0
BRH:0
end_of_record
TN:
SF:src/firebase/config.js
FNF:0
FNH:0
DA:7,2
DA:17,2
DA:20,2
DA:23,2
DA:27,2
LF:5
LH:5
BRF:0
BRH:0
end_of_record
TN:
SF:src/screens/HomeScreen/HomeScreen.js
FN:16,(anonymous_0)
FN:23,HomeScreen
FN:47,(anonymous_2)
FN:57,(anonymous_3)
FN:61,(anonymous_4)
FN:64,(anonymous_5)
FN:73,(anonymous_6)
FN:80,(anonymous_7)
FN:85,(anonymous_8)
FN:86,(anonymous_9)
FN:92,(anonymous_10)
FN:103,(anonymous_11)
FN:122,(anonymous_12)
FN:135,(anonymous_13)
FN:146,(anonymous_14)
FN:147,(anonymous_15)
FN:156,(anonymous_16)
FN:156,(anonymous_17)
FN:168,(anonymous_18)
FN:173,(anonymous_19)
FN:173,(anonymous_20)
FN:183,(anonymous_21)
FN:188,(anonymous_22)
FN:188,(anonymous_23)
FN:196,(anonymous_24)
FN:217,(anonymous_25)
FN:221,(anonymous_26)
FN:226,(anonymous_27)
FN:227,(anonymous_28)
FN:235,(anonymous_29)
FN:245,(anonymous_30)
FN:247,(anonymous_31)
FN:252,(anonymous_32)
FN:259,(anonymous_33)
FN:270,(anonymous_34)
FN:272,(anonymous_35)
FN:278,(anonymous_36)
FN:284,(anonymous_37)
FN:301,(anonymous_38)
FN:317,(anonymous_39)
FN:326,(anonymous_40)
FN:339,(anonymous_41)
FN:374,(anonymous_42)
FN:392,(anonymous_43)
FN:399,(anonymous_44)
FN:415,(anonymous_45)
FN:422,(anonymous_46)
FN:430,(anonymous_47)
FN:437,(anonymous_48)
FN:465,(anonymous_49)
FN:469,(anonymous_50)
FN:480,(anonymous_51)
FN:492,(anonymous_52)
FN:502,(anonymous_53)
FN:514,(anonymous_54)
FN:566,(anonymous_55)
FN:567,(anonymous_56)
FN:602,(anonymous_57)
FN:613,(anonymous_58)
FN:614,(anonymous_59)
FN:648,(anonymous_60)
FN:721,(anonymous_61)
FNF:62
FNH:32
FNDA:30,(anonymous_0)
FNDA:30,HomeScreen
FNDA:52,(anonymous_2)
FNDA:4,(anonymous_3)
FNDA:9,(anonymous_4)
FNDA:5,(anonymous_5)
FNDA:4,(anonymous_6)
FNDA:10,(anonymous_7)
FNDA:16,(anonymous_8)
FNDA:19,(anonymous_9)
FNDA:17,(anonymous_10)
FNDA:1,(anonymous_11)
FNDA:1,(anonymous_12)
FNDA:0,(anonymous_13)
FNDA:0,(anonymous_14)
FNDA:0,(anonymous_15)
FNDA:0,(anonymous_16)
FNDA:0,(anonymous_17)
FNDA:0,(anonymous_18)
FNDA:0,(anonymous_19)
FNDA:0,(anonymous_20)
FNDA:1,(anonymous_21)
FNDA:1,(anonymous_22)
FNDA:3,(anonymous_23)
FNDA:0,(anonymous_24)
FNDA:0,(anonymous_25)
FNDA:0,(anonymous_26)
FNDA:2,(anonymous_27)
FNDA:2,(anonymous_28)
FNDA:0,(anonymous_29)
FNDA:0,(anonymous_30)
FNDA:0,(anonymous_31)
FNDA:0,(anonymous_32)
FNDA:0,(anonymous_33)
FNDA:4,(anonymous_34)
FNDA:16,(anonymous_35)
FNDA:4,(anonymous_36)
FNDA:108,(anonymous_37)
FNDA:108,(anonymous_38)
FNDA:216,(anonymous_39)
FNDA:27,(anonymous_40)
FNDA:108,(anonymous_41)
FNDA:0,(anonymous_42)
FNDA:0,(anonymous_43)
FNDA:0,(anonymous_44)
FNDA:0,(anonymous_45)
FNDA:4,(anonymous_46)
FNDA:0,(anonymous_47)
FNDA:36,(anonymous_48)
FNDA:36,(anonymous_49)
FNDA:0,(anonymous_50)
FNDA:0,(anonymous_51)
FNDA:1,(anonymous_52)
FNDA:0,(anonymous_53)
FNDA:180,(anonymous_54)
FNDA:0,(anonymous_55)
FNDA:0,(anonymous_56)
FNDA:78,(anonymous_57)
FNDA:0,(anonymous_58)
FNDA:0,(anonymous_59)
FNDA:0,(anonymous_60)
FNDA:0,(anonymous_61)
DA:16,1
DA:17,30
DA:18,30
DA:19,30
DA:20,30
DA:24,30
DA:25,30
DA:26,30
DA:27,30
DA:28,30
DA:29,30
DA:30,30
DA:32,30
DA:33,30
DA:34,30
DA:35,30
DA:36,30
DA:37,30
DA:38,30
DA:39,30
DA:40,30
DA:41,30
DA:42,30
DA:43,30
DA:44,30
DA:45,30
DA:47,52
DA:48,30
DA:49,30
DA:57,30
DA:58,4
DA:59,4
DA:60,4
DA:61,9
DA:64,5
DA:65,4
DA:66,4
DA:68,0
DA:73,30
DA:74,4
DA:75,4
DA:80,30
DA:81,10
DA:85,30
DA:86,16
DA:87,19
DA:88,19
DA:92,16
DA:93,17
DA:94,3
DA:96,14
DA:99,16
DA:103,30
DA:104,1
DA:105,1
DA:106,0
DA:107,0
DA:109,1
DA:118,1
DA:119,1
DA:120,1
DA:121,1
DA:122,1
DA:123,1
DA:125,0
DA:128,1
DA:129,1
DA:130,1
DA:131,1
DA:135,30
DA:136,0
DA:137,0
DA:138,0
DA:139,0
DA:140,0
DA:142,0
DA:146,30
DA:147,0
DA:148,0
DA:149,0
DA:150,0
DA:152,0
DA:156,0
DA:157,0
DA:159,0
DA:160,0
DA:162,0
DA:168,30
DA:169,0
DA:170,0
DA:171,0
DA:173,0
DA:174,0
DA:176,0
DA:178,0
DA:183,30
DA:184,1
DA:185,1
DA:186,1
DA:188,3
DA:189,1
DA:191,0
DA:196,30
DA:197,0
DA:198,0
DA:199,0
DA:200,0
DA:201,0
DA:204,0
DA:210,0
DA:211,0
DA:212,0
DA:213,0
DA:217,30
DA:218,0
DA:221,30
DA:222,0
DA:226,30
DA:227,2
DA:228,2
DA:229,2
DA:230,2
DA:231,2
DA:235,30
DA:236,0
DA:237,0
DA:238,0
DA:239,0
DA:240,0
DA:241,0
DA:245,30
DA:246,0
DA:247,0
DA:249,0
DA:250,0
DA:251,0
DA:252,0
DA:258,0
DA:259,0
DA:260,0
DA:261,0
DA:262,0
DA:266,0
DA:267,0
DA:270,30
DA:271,4
DA:272,4
DA:273,16
DA:275,4
DA:278,30
DA:279,4
DA:284,30
DA:285,108
DA:286,108
DA:287,108
DA:288,108
DA:292,108
DA:301,30
DA:302,108
DA:303,108
DA:305,108
DA:307,108
DA:314,108
DA:317,30
DA:318,216
DA:320,216
DA:326,30
DA:327,27
DA:328,27
DA:334,27
DA:340,108
DA:374,30
DA:376,0
DA:378,0
DA:380,0
DA:381,0
DA:383,0
DA:387,0
DA:395,0
DA:396,0
DA:400,0
DA:404,0
DA:406,0
DA:407,0
DA:408,0
DA:409,0
DA:410,0
DA:412,0
DA:416,0
DA:422,30
DA:424,4
DA:425,0
DA:430,30
DA:431,0
DA:433,0
DA:437,30
DA:438,36
DA:465,30
DA:466,36
DA:469,0
DA:480,0
DA:492,1
DA:502,0
DA:514,30
DA:515,180
DA:517,180
DA:519,0
DA:521,0
DA:523,0
DA:527,30
DA:566,0
DA:567,0
DA:602,78
DA:613,0
DA:614,0
DA:648,0
DA:721,0
LF:217
LH:126
BRDA:74,0,0,4
BRDA:74,0,1,0
BRDA:93,1,0,3
BRDA:93,1,1,14
BRDA:96,2,0,7
BRDA:96,2,1,7
BRDA:105,3,0,0
BRDA:105,3,1,1
BRDA:148,4,0,0
BRDA:148,4,1,0
BRDA:157,5,0,0
BRDA:157,5,1,0
BRDA:174,6,0,0
BRDA:174,6,1,0
BRDA:197,7,0,0
BRDA:197,7,1,0
BRDA:199,8,0,0
BRDA:199,8,1,0
BRDA:249,9,0,0
BRDA:249,9,1,0
BRDA:288,10,0,0
BRDA:288,10,1,108
BRDA:305,11,0,108
BRDA:305,11,1,0
BRDA:327,12,0,27
BRDA:327,12,1,0
BRDA:395,13,0,0
BRDA:395,13,1,0
BRDA:424,14,0,0
BRDA:424,14,1,4
BRDA:424,15,0,4
BRDA:424,15,1,4
BRDA:431,16,0,0
BRDA:431,16,1,0
BRDA:443,17,0,0
BRDA:443,17,1,36
BRDA:443,18,0,0
BRDA:443,18,1,0
BRDA:444,19,0,0
BRDA:444,19,1,36
BRDA:444,20,0,0
BRDA:444,20,1,0
BRDA:451,21,0,15
BRDA:451,21,1,21
BRDA:515,22,0,180
BRDA:515,22,1,0
BRDA:515,22,2,0
BRDA:515,22,3,0
BRDA:538,23,0,0
BRDA:538,23,1,30
BRDA:593,24,0,12
BRDA:593,24,1,18
BRDA:644,25,0,30
BRDA:644,25,1,0
BRDA:644,26,0,0
BRDA:644,26,1,0
BRDA:716,27,0,30
BRDA:716,27,1,0
BRDA:716,28,0,0
BRDA:716,28,1,0
BRF:60
BRH:22
end_of_record
TN:
SF:src/screens/HomeScreen/InfoRow.js
FN:5,(anonymous_0)
FN:9,(anonymous_1)
FN:13,(anonymous_2)
FN:45,(anonymous_3)
FNF:4
FNH:0
FNDA:0,(anonymous_0)
FNDA:0,(anonymous_1)
FNDA:0,(anonymous_2)
FNDA:0,(anonymous_3)
DA:5,1
DA:6,0
DA:7,0
DA:9,0
DA:10,0
DA:13,0
DA:14,0
DA:15,0
DA:16,0
DA:17,0
DA:18,0
DA:21,0
DA:22,0
DA:24,0
DA:27,0
DA:45,0
LF:16
LH:1
BRDA:14,0,0,0
BRDA:14,0,1,0
BRDA:21,1,0,0
BRDA:21,1,1,0
BRDA:30,2,0,0
BRDA:30,2,1,0
BRDA:43,3,0,0
BRDA:43,3,1,0
BRDA:44,4,0,0
BRDA:44,4,1,0
BRF:10
BRH:0
end_of_record
TN:
SF:src/screens/HomeScreen/Profile.js
FN:10,(anonymous_0)
FN:20,(anonymous_1)
FN:28,(anonymous_2)
FN:41,(anonymous_3)
FN:47,(anonymous_4)
FN:60,(anonymous_5)
FN:76,(anonymous_6)
FN:85,(anonymous_7)
FN:89,(anonymous_8)
FN:125,(anonymous_9)
FNF:10
FNH:2
FNDA:27,(anonymous_0)
FNDA:4,(anonymous_1)
FNDA:0,(anonymous_2)
FNDA:0,(anonymous_3)
FNDA:0,(anonymous_4)
FNDA:0,(anonymous_5)
FNDA:0,(anonymous_6)
FNDA:0,(anonymous_7)
FNDA:0,(anonymous_8)
FNDA:0,(anonymous_9)
DA:10,1
DA:11,27
DA:12,27
DA:13,27
DA:14,27
DA:15,27
DA:16,27
DA:17,27
DA:18,27
DA:20,27
DA:21,4
DA:22,4
DA:23,0
DA:24,0
DA:28,27
DA:29,0
DA:30,0
DA:31,0
DA:32,0
DA:33,0
DA:34,0
DA:37,0
DA:41,27
DA:42,0
DA:43,0
DA:44,0
DA:45,0
DA:46,0
DA:47,0
DA:48,0
DA:49,0
DA:51,0
DA:54,0
DA:56,0
DA:60,27
DA:61,0
DA:62,0
DA:63,0
DA:66,0
DA:67,0
DA:68,0
DA:69,0
DA:71,0
DA:72,0
DA:76,27
DA:77,0
DA:78,0
DA:79,0
DA:81,0
DA:85,27
DA:86,0
DA:89,27
DA:90,0
DA:91,0
DA:92,0
DA:93,0
DA:96,27
DA:125,0
LF:58
LH:19
BRDA:22,0,0,0
BRDA:22,0,1,4
BRDA:31,1,0,0
BRDA:31,1,1,0
BRDA:33,2,0,0
BRDA:33,2,1,0
BRDA:34,3,0,0
BRDA:34,3,1,0
BRDA:48,4,0,0
BRDA:48,4,1,0
BRDA:91,5,0,0
BRDA:91,5,1,0
BRDA:92,6,0,0
BRDA:92,6,1,0
BRF:14
BRH:1
end_of_record
TN:
SF:src/screens/HomeScreen/profileStyles.js
FNF:0
FNH:0
LF:0
LH:0
BRF:0
BRH:0
end_of_record
TN:
SF:src/screens/HomeScreen/styles.js
FNF:0
FNH:0
LF:0
LH:0
BRF:0
BRH:0
end_of_record
TN:
SF:src/screens/LoginScreen/LoginScreen.js
FN:6,LoginScreen
FN:10,(anonymous_1)
FN:14,(anonymous_2)
FN:17,(anonymous_3)
FN:21,(anonymous_4)
FN:26,(anonymous_5)
FN:34,(anonymous_6)
FN:37,(anonymous_7)
FN:56,(anonymous_8)
FN:68,(anonymous_9)
FN:76,(anonymous_10)
FNF:11
FNH:10
FNDA:11,LoginScreen
FNDA:1,(anonymous_1)
FNDA:1,(anonymous_2)
FNDA:1,(anonymous_3)
FNDA:1,(anonymous_4)
FNDA:2,(anonymous_5)
FNDA:1,(anonymous_6)
FNDA:0,(anonymous_7)
FNDA:3,(anonymous_8)
FNDA:2,(anonymous_9)
FNDA:1,(anonymous_10)
DA:7,11
DA:8,11
DA:10,11
DA:11,1
DA:14,11
DA:15,1
DA:16,1
DA:18,1
DA:19,1
DA:22,1
DA:26,11
DA:27,2
DA:28,1
DA:29,1
DA:32,1
DA:33,1
DA:35,1
DA:38,0
DA:42,11
DA:56,3
DA:68,2
DA:76,1
LF:22
LH:21
BRDA:27,0,0,1
BRDA:27,0,1,1
BRF:2
BRH:2
end_of_record
TN:
SF:src/screens/LoginScreen/styles.js
FNF:0
FNH:0
LF:0
LH:0
BRF:0
BRH:0
end_of_record
TN:
SF:src/screens/RegistrationScreen/RegistrationScreen.js
FN:9,RegistrationScreen
FN:18,(anonymous_1)
FN:22,(anonymous_2)
FN:28,(anonymous_3)
FN:37,(anonymous_4)
FN:41,(anonymous_5)
FN:45,(anonymous_6)
FN:63,(anonymous_7)
FN:72,(anonymous_8)
FN:82,(anonymous_9)
FN:92,(anonymous_10)
FN:99,(anonymous_11)
FNF:12
FNH:10
FNDA:15,RegistrationScreen
FNDA:1,(anonymous_1)
FNDA:2,(anonymous_2)
FNDA:1,(anonymous_3)
FNDA:0,(anonymous_4)
FNDA:0,(anonymous_5)
FNDA:1,(anonymous_6)
FNDA:2,(anonymous_7)
FNDA:2,(anonymous_8)
FNDA:3,(anonymous_9)
FNDA:3,(anonymous_10)
FNDA:2,(anonymous_11)
DA:10,15
DA:11,15
DA:12,15
DA:13,15
DA:15,15
DA:16,15
DA:18,15
DA:19,1
DA:22,15
DA:23,2
DA:24,1
DA:25,1
DA:27,1
DA:29,1
DA:30,1
DA:35,1
DA:36,1
DA:39,0
DA:42,0
DA:46,1
DA:50,15
DA:63,2
DA:72,2
DA:82,3
DA:92,3
DA:99,2
LF:26
LH:24
BRDA:23,0,0,1
BRDA:23,0,1,1
BRF:2
BRH:2
end_of_record
TN:
SF:src/screens/RegistrationScreen/styles.js
FNF:0
FNH:0
LF:0
LH:0
BRF:0
BRH:0
end_of_record
